<?xml version="1.0" encoding="UTF-8"?>
<testng-results ignored="0" total="1" passed="1" failed="0" skipped="0">
  <reporter-output>
  </reporter-output>
  <suite started-at="2022-10-25T15:26:46 UZT" name="All Test Suite" finished-at="2022-10-25T15:26:46 UZT" duration-ms="526">
    <groups>
      <group name="cucumber">
        <method signature="AbstractTestNGCucumberTests.runScenario(io.cucumber.testng.PickleWrapper,io.cucumber.testng.FeatureWrapper)[pri:0, instance:Runners.Run@1b2abca6]" name="runScenario" class="io.cucumber.testng.AbstractTestNGCucumberTests"/>
      </group> <!-- cucumber -->
    </groups>
    <test started-at="2022-10-25T15:26:46 UZT" name="C:/Users/User/IdeaProject/Cucumber_Testng" finished-at="2022-10-25T15:26:46 UZT" duration-ms="526">
      <class name="Runners.Run">
        <test-method is-config="true" signature="setUpClass(org.testng.ITestContext)[pri:0, instance:Runners.Run@1b2abca6]" started-at="2022-10-25T15:26:46 UZT" name="setUpClass" finished-at="2022-10-25T15:26:46 UZT" duration-ms="352" status="PASS">
          <params>
            <param index="0">
              <value>
                <![CDATA[org.testng.TestRunner@2e11485]]>
              </value>
            </param>
          </params>
          <reporter-output>
          </reporter-output>
        </test-method> <!-- setUpClass -->
        <test-method signature="runScenario(io.cucumber.testng.PickleWrapper,io.cucumber.testng.FeatureWrapper)[pri:0, instance:Runners.Run@1b2abca6]" started-at="2022-10-25T15:26:46 UZT" name="runScenario" description="Runs Cucumber Scenarios" data-provider="scenarios" finished-at="2022-10-25T15:26:46 UZT" duration-ms="112" status="PASS">
          <params>
            <param index="0">
              <value>
                <![CDATA["User should be able to login with valid credentials"]]>
              </value>
            </param>
            <param index="1">
              <value>
                <![CDATA["Web Login"]]>
              </value>
            </param>
          </params>
          <reporter-output>
          </reporter-output>
        </test-method> <!-- runScenario -->
        <test-method is-config="true" signature="tearDownClass()[pri:0, instance:Runners.Run@1b2abca6]" started-at="2022-10-25T15:26:46 UZT" name="tearDownClass" finished-at="2022-10-25T15:26:46 UZT" duration-ms="10" status="PASS">
          <reporter-output>
          </reporter-output>
        </test-method> <!-- tearDownClass -->
      </class> <!-- Runners.Run -->
    </test> <!-- C:/Users/User/IdeaProject/Cucumber_Testng -->
  </suite> <!-- All Test Suite -->
</testng-results>
